{"name":"Login Successful","id":"secure-login;login-successful","testSteps":[{"number":1,"description":"Given that a web user wants to login in page automation","duration":8407,"startTime":"2022-07-05T23:51:57.716-05:00[America/Bogota]","screenshots":[{"screenshot":"d7f7a04bc889c2bd8a0dae8785a4fd31c55d1fb2381061a29097bcd6202e55b1.png","timeStamp":1657083126123}],"result":"SUCCESS","precondition":false,"level":0,"children":[{"number":2,"description":"actor opens the https://www.grupobancolombia.com","duration":8011,"startTime":"2022-07-05T23:51:58.080-05:00[America/Bogota]","screenshots":[{"screenshot":"d7f7a04bc889c2bd8a0dae8785a4fd31c55d1fb2381061a29097bcd6202e55b1.png","timeStamp":1657083126091}],"result":"SUCCESS","precondition":false,"level":1}]},{"number":3,"description":"When he writes the correct credentials","duration":8669,"startTime":"2022-07-05T23:52:06.139-05:00[America/Bogota]","screenshots":[{"screenshot":"d7f7a04bc889c2bd8a0dae8785a4fd31c55d1fb2381061a29097bcd6202e55b1.png","timeStamp":1657083126637}],"exception":{"errorType":"net.thucydides.core.webdriver.exceptions.ElementShouldBeEnabledException","message":"Expected enabled element was not enabled","stackTrace":[{"declaringClass":"com.grupobancolombia.automation.tasks.SetLogin","methodName":"performAs","fileName":"SetLogin.java","lineNumber":17},{"declaringClass":"com.grupobancolombia.tests.stepdefinitions.SecureLoginStepDefinitions","methodName":"heWritesTheCorrectCredentials","fileName":"SecureLoginStepDefinitions.java","lineNumber":34},{"declaringClass":"cucumber.runner.Runner","methodName":"runPickle","fileName":"Runner.java","lineNumber":80}],"rootCause":{"errorType":"org.openqa.selenium.TimeoutException","message":"Expected condition failed: waiting for By.id: username to be enabled (tried for 5 second(s) with 100 milliseconds interval)","stackTrace":[{"declaringClass":"com.grupobancolombia.automation.tasks.SetLogin","methodName":"performAs","fileName":"SetLogin.java","lineNumber":17},{"declaringClass":"com.grupobancolombia.tests.stepdefinitions.SecureLoginStepDefinitions","methodName":"heWritesTheCorrectCredentials","fileName":"SecureLoginStepDefinitions.java","lineNumber":34},{"declaringClass":"cucumber.runner.Runner","methodName":"runPickle","fileName":"Runner.java","lineNumber":80}],"rootCause":{"errorType":"org.openqa.selenium.NoSuchElementException","message":"no such element: Unable to locate element: {\"method\":\"css selector\",\"selector\":\"#username\"}\n  (Session info: chrome\u003d103.0.5060.114)\nFor documentation on this error, please visit: https://www.seleniumhq.org/exceptions/no_such_element.html\nBuild info: version: \u00273.141.59\u0027, revision: \u0027e82be7d358\u0027, time: \u00272018-11-14T08:17:03\u0027\nSystem info: host: \u0027JUANGO\u0027, ip: \u0027192.168.31.234\u0027, os.name: \u0027Windows 11\u0027, os.arch: \u0027amd64\u0027, os.version: \u002710.0\u0027, java.version: \u00271.8.0_321\u0027\nDriver info: org.openqa.selenium.chrome.ChromeDriver\nCapabilities {acceptInsecureCerts: false, browserName: chrome, browserVersion: 103.0.5060.114, chrome: {chromedriverVersion: 103.0.5060.53 (a1711811edd7..., userDataDir: C:\\Users\\JuanGo\\AppData\\Loc...}, goog:chromeOptions: {debuggerAddress: localhost:54273}, javascriptEnabled: true, networkConnectionEnabled: false, pageLoadStrategy: normal, platform: WINDOWS, platformName: WINDOWS, proxy: Proxy(), setWindowRect: true, strictFileInteractability: false, timeouts: {implicit: 0, pageLoad: 300000, script: 30000}, unhandledPromptBehavior: dismiss and notify, webauthn:extension:credBlob: true, webauthn:extension:largeBlob: true, webauthn:virtualAuthenticators: true}\nSession ID: 35e9412d6ed63aed8da2bd95bde20a00\n*** Element info: {Using\u003did, value\u003dusername}","stackTrace":[{"declaringClass":"com.grupobancolombia.automation.tasks.SetLogin","methodName":"performAs","fileName":"SetLogin.java","lineNumber":17},{"declaringClass":"com.grupobancolombia.tests.stepdefinitions.SecureLoginStepDefinitions","methodName":"heWritesTheCorrectCredentials","fileName":"SecureLoginStepDefinitions.java","lineNumber":34},{"declaringClass":"cucumber.runner.Runner","methodName":"runPickle","fileName":"Runner.java","lineNumber":80}]}}},"result":"FAILURE","precondition":false,"level":0,"children":[{"number":4,"description":"Actor set login","duration":8125,"startTime":"2022-07-05T23:52:06.649-05:00[America/Bogota]","screenshots":[{"screenshot":"d7f7a04bc889c2bd8a0dae8785a4fd31c55d1fb2381061a29097bcd6202e55b1.png","timeStamp":1657083126665}],"exception":{"errorType":"net.thucydides.core.webdriver.exceptions.ElementShouldBeEnabledException","message":"Expected enabled element was not enabled","stackTrace":[{"declaringClass":"com.grupobancolombia.automation.tasks.SetLogin","methodName":"performAs","fileName":"SetLogin.java","lineNumber":17},{"declaringClass":"com.grupobancolombia.tests.stepdefinitions.SecureLoginStepDefinitions","methodName":"heWritesTheCorrectCredentials","fileName":"SecureLoginStepDefinitions.java","lineNumber":34},{"declaringClass":"cucumber.runner.Runner","methodName":"runPickle","fileName":"Runner.java","lineNumber":80}],"rootCause":{"errorType":"org.openqa.selenium.TimeoutException","message":"Expected condition failed: waiting for By.id: username to be enabled (tried for 5 second(s) with 100 milliseconds interval)","stackTrace":[{"declaringClass":"com.grupobancolombia.automation.tasks.SetLogin","methodName":"performAs","fileName":"SetLogin.java","lineNumber":17},{"declaringClass":"com.grupobancolombia.tests.stepdefinitions.SecureLoginStepDefinitions","methodName":"heWritesTheCorrectCredentials","fileName":"SecureLoginStepDefinitions.java","lineNumber":34},{"declaringClass":"cucumber.runner.Runner","methodName":"runPickle","fileName":"Runner.java","lineNumber":80}],"rootCause":{"errorType":"org.openqa.selenium.NoSuchElementException","message":"no such element: Unable to locate element: {\"method\":\"css selector\",\"selector\":\"#username\"}\n  (Session info: chrome\u003d103.0.5060.114)\nFor documentation on this error, please visit: https://www.seleniumhq.org/exceptions/no_such_element.html\nBuild info: version: \u00273.141.59\u0027, revision: \u0027e82be7d358\u0027, time: \u00272018-11-14T08:17:03\u0027\nSystem info: host: \u0027JUANGO\u0027, ip: \u0027192.168.31.234\u0027, os.name: \u0027Windows 11\u0027, os.arch: \u0027amd64\u0027, os.version: \u002710.0\u0027, java.version: \u00271.8.0_321\u0027\nDriver info: org.openqa.selenium.chrome.ChromeDriver\nCapabilities {acceptInsecureCerts: false, browserName: chrome, browserVersion: 103.0.5060.114, chrome: {chromedriverVersion: 103.0.5060.53 (a1711811edd7..., userDataDir: C:\\Users\\JuanGo\\AppData\\Loc...}, goog:chromeOptions: {debuggerAddress: localhost:54273}, javascriptEnabled: true, networkConnectionEnabled: false, pageLoadStrategy: normal, platform: WINDOWS, platformName: WINDOWS, proxy: Proxy(), setWindowRect: true, strictFileInteractability: false, timeouts: {implicit: 0, pageLoad: 300000, script: 30000}, unhandledPromptBehavior: dismiss and notify, webauthn:extension:credBlob: true, webauthn:extension:largeBlob: true, webauthn:virtualAuthenticators: true}\nSession ID: 35e9412d6ed63aed8da2bd95bde20a00\n*** Element info: {Using\u003did, value\u003dusername}","stackTrace":[{"declaringClass":"com.grupobancolombia.automation.tasks.SetLogin","methodName":"performAs","fileName":"SetLogin.java","lineNumber":17},{"declaringClass":"com.grupobancolombia.tests.stepdefinitions.SecureLoginStepDefinitions","methodName":"heWritesTheCorrectCredentials","fileName":"SecureLoginStepDefinitions.java","lineNumber":34},{"declaringClass":"cucumber.runner.Runner","methodName":"runPickle","fileName":"Runner.java","lineNumber":80}]}}},"result":"FAILURE","precondition":false,"level":1,"children":[{"number":5,"description":"actor enters \u0027tomsmith\u0027 into ","duration":8059,"startTime":"2022-07-05T23:52:06.675-05:00[America/Bogota]","screenshots":[{"screenshot":"d7f7a04bc889c2bd8a0dae8785a4fd31c55d1fb2381061a29097bcd6202e55b1.png","htmlSource":"pagesource6788639157979916707.html.txt","timeStamp":1657083134719}],"exception":{"errorType":"net.thucydides.core.webdriver.exceptions.ElementShouldBeEnabledException","message":"Expected enabled element was not enabled","stackTrace":[{"declaringClass":"com.grupobancolombia.automation.tasks.SetLogin","methodName":"performAs","fileName":"SetLogin.java","lineNumber":17},{"declaringClass":"com.grupobancolombia.tests.stepdefinitions.SecureLoginStepDefinitions","methodName":"heWritesTheCorrectCredentials","fileName":"SecureLoginStepDefinitions.java","lineNumber":34},{"declaringClass":"cucumber.runner.Runner","methodName":"runPickle","fileName":"Runner.java","lineNumber":80}],"rootCause":{"errorType":"org.openqa.selenium.TimeoutException","message":"Expected condition failed: waiting for By.id: username to be enabled (tried for 5 second(s) with 100 milliseconds interval)","stackTrace":[{"declaringClass":"com.grupobancolombia.automation.tasks.SetLogin","methodName":"performAs","fileName":"SetLogin.java","lineNumber":17},{"declaringClass":"com.grupobancolombia.tests.stepdefinitions.SecureLoginStepDefinitions","methodName":"heWritesTheCorrectCredentials","fileName":"SecureLoginStepDefinitions.java","lineNumber":34},{"declaringClass":"cucumber.runner.Runner","methodName":"runPickle","fileName":"Runner.java","lineNumber":80}],"rootCause":{"errorType":"org.openqa.selenium.NoSuchElementException","message":"no such element: Unable to locate element: {\"method\":\"css selector\",\"selector\":\"#username\"}\n  (Session info: chrome\u003d103.0.5060.114)\nFor documentation on this error, please visit: https://www.seleniumhq.org/exceptions/no_such_element.html\nBuild info: version: \u00273.141.59\u0027, revision: \u0027e82be7d358\u0027, time: \u00272018-11-14T08:17:03\u0027\nSystem info: host: \u0027JUANGO\u0027, ip: \u0027192.168.31.234\u0027, os.name: \u0027Windows 11\u0027, os.arch: \u0027amd64\u0027, os.version: \u002710.0\u0027, java.version: \u00271.8.0_321\u0027\nDriver info: org.openqa.selenium.chrome.ChromeDriver\nCapabilities {acceptInsecureCerts: false, browserName: chrome, browserVersion: 103.0.5060.114, chrome: {chromedriverVersion: 103.0.5060.53 (a1711811edd7..., userDataDir: C:\\Users\\JuanGo\\AppData\\Loc...}, goog:chromeOptions: {debuggerAddress: localhost:54273}, javascriptEnabled: true, networkConnectionEnabled: false, pageLoadStrategy: normal, platform: WINDOWS, platformName: WINDOWS, proxy: Proxy(), setWindowRect: true, strictFileInteractability: false, timeouts: {implicit: 0, pageLoad: 300000, script: 30000}, unhandledPromptBehavior: dismiss and notify, webauthn:extension:credBlob: true, webauthn:extension:largeBlob: true, webauthn:virtualAuthenticators: true}\nSession ID: 35e9412d6ed63aed8da2bd95bde20a00\n*** Element info: {Using\u003did, value\u003dusername}","stackTrace":[{"declaringClass":"com.grupobancolombia.automation.tasks.SetLogin","methodName":"performAs","fileName":"SetLogin.java","lineNumber":17},{"declaringClass":"com.grupobancolombia.tests.stepdefinitions.SecureLoginStepDefinitions","methodName":"heWritesTheCorrectCredentials","fileName":"SecureLoginStepDefinitions.java","lineNumber":34},{"declaringClass":"cucumber.runner.Runner","methodName":"runPickle","fileName":"Runner.java","lineNumber":80}]}}},"result":"FAILURE","precondition":false,"level":2}]}]},{"number":6,"description":"Then he should see the section secure page","duration":18,"startTime":"2022-07-05T23:52:14.851-05:00[America/Bogota]","result":"SKIPPED","precondition":false,"level":0}],"userStory":{"id":"secure-login","storyName":"Secure Login","path":"src/test/resources/features/generateReport.feature","type":"feature"},"featureTag":{"name":"Features/Secure Login","type":"feature","displayName":"Features/Secure Login"},"title":"Login Successful","tags":[{"name":"Secure Login","type":"feature","displayName":"Secure Login"},{"name":"test","type":"tag","displayName":"test"}],"startTime":"2022-07-05T23:51:57.463-05:00[America/Bogota]","duration":17411,"testFailureCause":{"errorType":"net.thucydides.core.webdriver.exceptions.ElementShouldBeEnabledException","message":"Expected enabled element was not enabled","stackTrace":[{"declaringClass":"com.grupobancolombia.automation.tasks.SetLogin","methodName":"performAs","fileName":"SetLogin.java","lineNumber":17},{"declaringClass":"com.grupobancolombia.tests.stepdefinitions.SecureLoginStepDefinitions","methodName":"heWritesTheCorrectCredentials","fileName":"SecureLoginStepDefinitions.java","lineNumber":34},{"declaringClass":"cucumber.runner.Runner","methodName":"runPickle","fileName":"Runner.java","lineNumber":80}],"rootCause":{"errorType":"org.openqa.selenium.TimeoutException","message":"Expected condition failed: waiting for By.id: username to be enabled (tried for 5 second(s) with 100 milliseconds interval)","stackTrace":[{"declaringClass":"com.grupobancolombia.automation.tasks.SetLogin","methodName":"performAs","fileName":"SetLogin.java","lineNumber":17},{"declaringClass":"com.grupobancolombia.tests.stepdefinitions.SecureLoginStepDefinitions","methodName":"heWritesTheCorrectCredentials","fileName":"SecureLoginStepDefinitions.java","lineNumber":34},{"declaringClass":"cucumber.runner.Runner","methodName":"runPickle","fileName":"Runner.java","lineNumber":80}],"rootCause":{"errorType":"org.openqa.selenium.NoSuchElementException","message":"no such element: Unable to locate element: {\"method\":\"css selector\",\"selector\":\"#username\"}\n  (Session info: chrome\u003d103.0.5060.114)\nFor documentation on this error, please visit: https://www.seleniumhq.org/exceptions/no_such_element.html\nBuild info: version: \u00273.141.59\u0027, revision: \u0027e82be7d358\u0027, time: \u00272018-11-14T08:17:03\u0027\nSystem info: host: \u0027JUANGO\u0027, ip: \u0027192.168.31.234\u0027, os.name: \u0027Windows 11\u0027, os.arch: \u0027amd64\u0027, os.version: \u002710.0\u0027, java.version: \u00271.8.0_321\u0027\nDriver info: org.openqa.selenium.chrome.ChromeDriver\nCapabilities {acceptInsecureCerts: false, browserName: chrome, browserVersion: 103.0.5060.114, chrome: {chromedriverVersion: 103.0.5060.53 (a1711811edd7..., userDataDir: C:\\Users\\JuanGo\\AppData\\Loc...}, goog:chromeOptions: {debuggerAddress: localhost:54273}, javascriptEnabled: true, networkConnectionEnabled: false, pageLoadStrategy: normal, platform: WINDOWS, platformName: WINDOWS, proxy: Proxy(), setWindowRect: true, strictFileInteractability: false, timeouts: {implicit: 0, pageLoad: 300000, script: 30000}, unhandledPromptBehavior: dismiss and notify, webauthn:extension:credBlob: true, webauthn:extension:largeBlob: true, webauthn:virtualAuthenticators: true}\nSession ID: 35e9412d6ed63aed8da2bd95bde20a00\n*** Element info: {Using\u003did, value\u003dusername}","stackTrace":[{"declaringClass":"com.grupobancolombia.automation.tasks.SetLogin","methodName":"performAs","fileName":"SetLogin.java","lineNumber":17},{"declaringClass":"com.grupobancolombia.tests.stepdefinitions.SecureLoginStepDefinitions","methodName":"heWritesTheCorrectCredentials","fileName":"SecureLoginStepDefinitions.java","lineNumber":34},{"declaringClass":"cucumber.runner.Runner","methodName":"runPickle","fileName":"Runner.java","lineNumber":80}]}}},"testFailureClassname":"net.thucydides.core.webdriver.exceptions.ElementShouldBeEnabledException","testFailureMessage":"Expected enabled element was not enabled","testFailureSummary":"FAILURE;net.thucydides.core.webdriver.exceptions.ElementShouldBeEnabledException;Expected enabled element was not enabled;SetLogin.java","projectKey":"","annotatedResult":"FAILURE","sessionId":"35e9412d6ed63aed8da2bd95bde20a00","driver":"chrome","isManualTestingUpToDate":false,"manual":false,"testSource":"Cucumber","actors":[{"name":"actor","can":["browse the web"]}],"result":"FAILURE"}